GameNumber : 50 - Game Info -> Start: B
GameNumber : 50 - Game Info -> Allowed Capture: True
GameNumber : 50 - Game Info -> Allowed Win By Capture: True
GameNumber : 50 - Game Info -> Allowed Double Three: False
GameNumber : 50 - 0ms          - Player(IA):B -> Move:K9
GameNumber : 50 - 375ms        - Player(IA):W -> Move:J9
GameNumber : 50 - 4ms          - Player(IA):B -> Move:I9
GameNumber : 50 - 2756ms       - Player(IA):W -> Move:H7
GameNumber : 50 - 15ms         - Player(IA):B -> Move:I8
GameNumber : 50 - 627ms        - Player(IA):W -> Move:I7
GameNumber : 50 - 17ms         - Player(IA):B -> Move:J7
GameNumber : 50 - 3791ms       - Player(IA):W -> Move:G7
GameNumber : 50 - 108ms        - Player(IA):B -> Move:F7
GameNumber : 50 - 1324ms       - Player(IA):W -> Move:I10
GameNumber : 50 - 37ms         - Player(IA):B -> Move:H8
GameNumber : 50 - 1863ms       - Player(IA):W -> Move:K10
GameNumber : 50 - 24ms         - Player(IA):B -> Move:I8
GameNumber : 50 - 12509ms      - Player(IA):W -> Move:L10
GameNumber : 50 - 44ms         - Player(IA):B -> Move:J10
GameNumber : 50 - 17475ms      - Player(IA):W -> Move:K8
GameNumber : 50 - 203ms        - Player(IA):B -> Move:L7
GameNumber : 50 - 4560ms       - Player(IA):W -> Move:H11
GameNumber : 50 - 322ms        - Player(IA):B -> Move:G12
GameNumber : 50 - 17103ms      - Player(IA):W -> Move:M10
GameNumber : 50 - 442ms        - Player(IA):B -> Move:N10
GameNumber : 50 - 15504ms      - Player(IA):W -> Move:L11
GameNumber : 50 - 109ms        - Player(IA):B -> Move:M7
GameNumber : 50 - 954ms        - Player(IA):W -> Move:M12
GameNumber : 50 - 562ms        - Player(IA):B -> Move:N13
GameNumber : 50 - 4247ms       - Player(IA):W -> Move:L9
GameNumber : 50 - 53ms         - Player(IA):B -> Move:L8
GameNumber : 50 - 124ms        - Player(IA):W -> Move:L6
GameNumber : 50 - 128ms        - Player(IA):B -> Move:L7
GameNumber : 50 - 102ms        - Player(IA):W -> Move:L8
GameNumber : 50 - 93ms         - Player(IA):B -> Move:L12
GameNumber : 50 - 113ms        - Player(IA):W -> Move:N11
GameNumber : 50 - 228ms        - Player(IA):B -> Move:O12
GameNumber : 50 - 116ms        - Player(IA):W -> Move:N7
GameNumber : 50 - 89ms         - Player(IA):B -> Move:M8
GameNumber : 50 - 204ms        - Player(IA):W -> Move:O10
GameNumber : 50 - 176ms        - Player(IA):B -> Move:K11
GameNumber : 50 - 233ms        - Player(IA):W -> Move:I9
GameNumber : 50 - 126ms        - Player(IA):B -> Move:P9
GameNumber : 50 - 313ms        - Player(IA):W -> Move:K14
GameNumber : 50 - 170ms        - Player(IA):B -> Move:L13
GameNumber : 50 - 359ms        - Player(IA):W -> Move:L14
GameNumber : 50 - 370ms        - Player(IA):B -> Move:L12
GameNumber : 50 - 10ms         - Player(IA):W -> Move:L13
GameNumber : 50 - 12ms         - Player(IA):B -> Move:J8
GameNumber : 50 - 15ms         - Player(IA):W -> Move:J6
GameNumber : 50 - 13ms         - Player(IA):B -> Move:L15
GameNumber : 50 - 14ms         - Player(IA):W -> Move:K7
