GameNumber : 46 - Game Info -> Start: B
GameNumber : 46 - Game Info -> Allowed Capture: True
GameNumber : 46 - Game Info -> Allowed Win By Capture: True
GameNumber : 46 - Game Info -> Allowed Double Three: False
GameNumber : 46 - 0ms          - Player(IA):B -> Move:K11
GameNumber : 46 - 36ms         - Player(IA):W -> Move:J9
GameNumber : 46 - 5ms          - Player(IA):B -> Move:I9
GameNumber : 46 - 60ms         - Player(IA):W -> Move:J10
GameNumber : 46 - 34ms         - Player(IA):B -> Move:J11
GameNumber : 46 - 58ms         - Player(IA):W -> Move:J7
GameNumber : 46 - 32ms         - Player(IA):B -> Move:J8
GameNumber : 46 - 116ms        - Player(IA):W -> Move:J9
GameNumber : 46 - 37ms         - Player(IA):B -> Move:K9
GameNumber : 46 - 591ms        - Player(IA):W -> Move:I7
GameNumber : 46 - 31ms         - Player(IA):B -> Move:J10
GameNumber : 46 - 1020ms       - Player(IA):W -> Move:J12
GameNumber : 46 - 30ms         - Player(IA):B -> Move:J10
GameNumber : 46 - 109ms        - Player(IA):W -> Move:K7
GameNumber : 46 - 40ms         - Player(IA):B -> Move:K10
GameNumber : 46 - 172ms        - Player(IA):W -> Move:H7
GameNumber : 46 - 99ms         - Player(IA):B -> Move:K12
GameNumber : 46 - 3ms          - Player(IA):W -> Move:G7
