GameNumber : 58 - Game Info -> Start: B
GameNumber : 58 - Game Info -> Allowed Capture: True
GameNumber : 58 - Game Info -> Allowed Win By Capture: True
GameNumber : 58 - Game Info -> Allowed Double Three: False
GameNumber : 58 - 1ms          - Player(IA):B -> Move:I10
GameNumber : 58 - 4005ms       - Player(IA):W -> Move:I9
GameNumber : 58 - 20ms         - Player(IA):B -> Move:J9
GameNumber : 58 - 4022ms       - Player(IA):W -> Move:H11
GameNumber : 58 - 76ms         - Player(IA):B -> Move:K8
GameNumber : 58 - 4032ms       - Player(IA):W -> Move:L7
GameNumber : 58 - 42ms         - Player(IA):B -> Move:J8
GameNumber : 58 - 4034ms       - Player(IA):W -> Move:J6
GameNumber : 58 - 59ms         - Player(IA):B -> Move:I8
GameNumber : 58 - 4039ms       - Player(IA):W -> Move:L8
GameNumber : 58 - 67ms         - Player(IA):B -> Move:J10
GameNumber : 58 - 4030ms       - Player(IA):W -> Move:J11
GameNumber : 58 - 106ms        - Player(IA):B -> Move:H10
GameNumber : 58 - 4042ms       - Player(IA):W -> Move:K10
GameNumber : 58 - 143ms        - Player(IA):B -> Move:H8
GameNumber : 58 - 4031ms       - Player(IA):W -> Move:G8
GameNumber : 58 - 138ms        - Player(IA):B -> Move:G10
GameNumber : 58 - 4030ms       - Player(IA):W -> Move:F10
GameNumber : 58 - 72ms         - Player(IA):B -> Move:H9
GameNumber : 58 - 4074ms       - Player(IA):W -> Move:F11
GameNumber : 58 - 147ms        - Player(IA):B -> Move:H7
GameNumber : 58 - 4066ms       - Player(IA):W -> Move:H6
GameNumber : 58 - 179ms        - Player(IA):B -> Move:K6
GameNumber : 58 - 4064ms       - Player(IA):W -> Move:J7
GameNumber : 58 - 250ms        - Player(IA):B -> Move:G6
GameNumber : 58 - 4045ms       - Player(IA):W -> Move:F5
GameNumber : 58 - 262ms        - Player(IA):B -> Move:K7
GameNumber : 58 - 4064ms       - Player(IA):W -> Move:K5
GameNumber : 58 - 240ms        - Player(IA):B -> Move:I11
GameNumber : 58 - 4095ms       - Player(IA):W -> Move:I12
GameNumber : 58 - 260ms        - Player(IA):B -> Move:L9
GameNumber : 58 - 4078ms       - Player(IA):W -> Move:I11
GameNumber : 58 - 27ms         - Player(IA):B -> Move:G11
GameNumber : 58 - 4059ms       - Player(IA):W -> Move:I10
GameNumber : 58 - 30ms         - Player(IA):B -> Move:I13
GameNumber : 58 - 4081ms       - Player(IA):W -> Move:K8
GameNumber : 58 - 34ms         - Player(IA):B -> Move:J9
GameNumber : 58 - 4047ms       - Player(IA):W -> Move:K11
GameNumber : 58 - 31ms         - Player(IA):B -> Move:L11
GameNumber : 58 - 4040ms       - Player(IA):W -> Move:G14
GameNumber : 58 - 32ms         - Player(IA):B -> Move:H13
GameNumber : 58 - 4025ms       - Player(IA):W -> Move:M3
GameNumber : 58 - 392ms        - Player(IA):B -> Move:J5
GameNumber : 58 - 4041ms       - Player(IA):W -> Move:G10
GameNumber : 58 - 272ms        - Player(IA):B -> Move:J7
