GameNumber : 77 - Game Info -> Start: B
GameNumber : 77 - Game Info -> Allowed Capture: True
GameNumber : 77 - Game Info -> Allowed Win By Capture: True
GameNumber : 77 - Game Info -> Allowed Double Three: False
GameNumber : 77 - 8018ms       - Player(IA):B -> Move:I11
GameNumber : 77 - 1ms          - Player(IA):W -> Move:I10
GameNumber : 77 - 8012ms       - Player(IA):B -> Move:H7
GameNumber : 77 - 9ms          - Player(IA):W -> Move:J9
GameNumber : 77 - 8000ms       - Player(IA):B -> Move:H11
GameNumber : 77 - 44ms         - Player(IA):W -> Move:J11
GameNumber : 77 - 8009ms       - Player(IA):B -> Move:H9
GameNumber : 77 - 37ms         - Player(IA):W -> Move:H10
GameNumber : 77 - 8007ms       - Player(IA):B -> Move:J8
GameNumber : 77 - 29ms         - Player(IA):W -> Move:J10
GameNumber : 77 - 274ms        - Player(IA):B -> Move:G10
GameNumber : 77 - 57ms         - Player(IA):W -> Move:K10
GameNumber : 77 - 239ms        - Player(IA):B -> Move:L10
GameNumber : 77 - 59ms         - Player(IA):W -> Move:I12
GameNumber : 77 - 295ms        - Player(IA):B -> Move:L9
GameNumber : 77 - 66ms         - Player(IA):W -> Move:J12
GameNumber : 77 - 271ms        - Player(IA):B -> Move:J13
GameNumber : 77 - 76ms         - Player(IA):W -> Move:H12
GameNumber : 77 - 308ms        - Player(IA):B -> Move:K12
GameNumber : 77 - 50ms         - Player(IA):W -> Move:G12
GameNumber : 77 - 181ms        - Player(IA):B -> Move:F12
GameNumber : 77 - 55ms         - Player(IA):W -> Move:J11
GameNumber : 77 - 3483ms       - Player(IA):B -> Move:I8
GameNumber : 77 - 104ms        - Player(IA):W -> Move:H13
GameNumber : 77 - 7477ms       - Player(IA):B -> Move:L11
GameNumber : 77 - 130ms        - Player(IA):W -> Move:G14
